<?xml version="1.0" encoding="UTF-8"?>
<testsuite xmlns:xsi="http://www.w3.org/2001/XMLSchema-instance" xsi:noNamespaceSchemaLocation="https://maven.apache.org/surefire/maven-surefire-plugin/xsd/surefire-test-report-3.0.xsd" version="3.0" name="com.yourcompany.paymentservice.AppTest" time="0.07" tests="11" errors="0" skipped="0" failures="0">
  <properties>
    <property name="java.specification.version" value="21"/>
    <property name="sun.jnu.encoding" value="UTF-8"/>
    <property name="java.class.path" value="/Users/geekup/Projects/Pet-Projects/java-payment-service/java-payment-service/target/test-classes:/Users/geekup/Projects/Pet-Projects/java-payment-service/java-payment-service/target/classes:/Users/geekup/.m2/repository/junit/junit/3.8.1/junit-3.8.1.jar:"/>
    <property name="java.vm.vendor" value="Eclipse Adoptium"/>
    <property name="sun.arch.data.model" value="64"/>
    <property name="java.vendor.url" value="https://adoptium.net/"/>
    <property name="os.name" value="Mac OS X"/>
    <property name="java.vm.specification.version" value="21"/>
    <property name="sun.java.launcher" value="SUN_STANDARD"/>
    <property name="user.country" value="US"/>
    <property name="sun.boot.library.path" value="/Library/Java/JavaVirtualMachines/temurin-21.jdk/Contents/Home/lib"/>
    <property name="sun.java.command" value="/Users/geekup/Projects/Pet-Projects/java-payment-service/java-payment-service/target/surefire/surefirebooter-20240121131123148_3.jar /Users/geekup/Projects/Pet-Projects/java-payment-service/java-payment-service/target/surefire 2024-01-21T13-11-23_067-jvmRun1 surefire-20240121131123148_1tmp surefire_0-20240121131123148_2tmp"/>
    <property name="http.nonProxyHosts" value="http://localhost:2000/proxy.pac|*.http://localhost:2000/proxy.pac"/>
    <property name="jdk.debug" value="release"/>
    <property name="surefire.test.class.path" value="/Users/geekup/Projects/Pet-Projects/java-payment-service/java-payment-service/target/test-classes:/Users/geekup/Projects/Pet-Projects/java-payment-service/java-payment-service/target/classes:/Users/geekup/.m2/repository/junit/junit/3.8.1/junit-3.8.1.jar:"/>
    <property name="sun.cpu.endian" value="little"/>
    <property name="user.home" value="/Users/geekup"/>
    <property name="user.language" value="en"/>
    <property name="java.specification.vendor" value="Oracle Corporation"/>
    <property name="java.version.date" value="2023-10-17"/>
    <property name="java.home" value="/Library/Java/JavaVirtualMachines/temurin-21.jdk/Contents/Home"/>
    <property name="file.separator" value="/"/>
    <property name="basedir" value="/Users/geekup/Projects/Pet-Projects/java-payment-service/java-payment-service"/>
    <property name="java.vm.compressedOopsMode" value="Zero based"/>
    <property name="line.separator" value="&#10;"/>
    <property name="java.vm.specification.vendor" value="Oracle Corporation"/>
    <property name="java.specification.name" value="Java Platform API Specification"/>
    <property name="apple.awt.application.name" value="ForkedBooter"/>
    <property name="surefire.real.class.path" value="/Users/geekup/Projects/Pet-Projects/java-payment-service/java-payment-service/target/surefire/surefirebooter-20240121131123148_3.jar"/>
    <property name="sun.management.compiler" value="HotSpot 64-Bit Tiered Compilers"/>
    <property name="ftp.nonProxyHosts" value="http://localhost:2000/proxy.pac|*.http://localhost:2000/proxy.pac"/>
    <property name="java.runtime.version" value="21.0.1+12-LTS"/>
    <property name="user.name" value="geekup"/>
    <property name="stdout.encoding" value="UTF-8"/>
    <property name="path.separator" value=":"/>
    <property name="os.version" value="12.2.1"/>
    <property name="java.runtime.name" value="OpenJDK Runtime Environment"/>
    <property name="file.encoding" value="UTF-8"/>
    <property name="java.vm.name" value="OpenJDK 64-Bit Server VM"/>
    <property name="java.vendor.version" value="Temurin-21.0.1+12"/>
    <property name="localRepository" value="/Users/geekup/.m2/repository"/>
    <property name="java.vendor.url.bug" value="https://github.com/adoptium/adoptium-support/issues"/>
    <property name="java.io.tmpdir" value="/var/folders/s1/vh0q5rnn0gqc76yn88hzq5n80000gp/T/"/>
    <property name="java.version" value="21.0.1"/>
    <property name="user.dir" value="/Users/geekup/Projects/Pet-Projects/java-payment-service/java-payment-service"/>
    <property name="os.arch" value="x86_64"/>
    <property name="java.vm.specification.name" value="Java Virtual Machine Specification"/>
    <property name="native.encoding" value="UTF-8"/>
    <property name="java.library.path" value="/Users/geekup/Library/Java/Extensions:/Library/Java/Extensions:/Network/Library/Java/Extensions:/System/Library/Java/Extensions:/usr/lib/java:."/>
    <property name="java.vm.info" value="mixed mode"/>
    <property name="stderr.encoding" value="UTF-8"/>
    <property name="java.vendor" value="Eclipse Adoptium"/>
    <property name="java.vm.version" value="21.0.1+12-LTS"/>
    <property name="sun.io.unicode.encoding" value="UnicodeBig"/>
    <property name="socksNonProxyHosts" value="http://localhost:2000/proxy.pac|*.http://localhost:2000/proxy.pac"/>
    <property name="java.class.version" value="65.0"/>
  </properties>
  <testcase name="testAddFundsInvalidEmail" classname="com.yourcompany.paymentservice.AppTest" time="0.004"/>
  <testcase name="testAddFundsNegativeAmount" classname="com.yourcompany.paymentservice.AppTest" time="0.0"/>
  <testcase name="testCreateBillInvalidEmail" classname="com.yourcompany.paymentservice.AppTest" time="0.0"/>
  <testcase name="testCreateCustomer" classname="com.yourcompany.paymentservice.AppTest" time="0.0"/>
  <testcase name="testAddFundSuccess" classname="com.yourcompany.paymentservice.AppTest" time="0.001"/>
  <testcase name="testCreateBillSuccess" classname="com.yourcompany.paymentservice.AppTest" time="0.047"/>
  <testcase name="testViewBillSuccess" classname="com.yourcompany.paymentservice.AppTest" time="0.0"/>
  <testcase name="testUpdateBillSuccess" classname="com.yourcompany.paymentservice.AppTest" time="0.0"/>
  <testcase name="testDeleteBillSuccess" classname="com.yourcompany.paymentservice.AppTest" time="0.0"/>
  <testcase name="testPayBillSuccess" classname="com.yourcompany.paymentservice.AppTest" time="0.0"/>
  <testcase name="testPayBillsSuccess" classname="com.yourcompany.paymentservice.AppTest" time="0.002"/>
</testsuite>